<?xml version="1.0" encoding="UTF-8"?>
<!-- Generated by org.testng.reporters.JUnitReportReporter -->
<testsuite hostname="BLRL-D21PW33" failures="0" tests="1" name="testcase.FindLead" time="14.628" errors="0" timestamp="2021-10-15T19:26:17 IST" skipped="0">
  <testcase classname="testcase.FindLead" name="runFindLead" time="14.628"/>
  <system-out/>
</testsuite> <!-- testcase.FindLead -->
