<?xml version="1.0" encoding="UTF-8"?>
<!-- Generated by org.testng.reporters.JUnitReportReporter -->
<testsuite hostname="BLRL-D21PW33" failures="0" tests="1" name="testcase.ViewLead" time="15.999" errors="0" timestamp="2021-10-31T15:02:55 IST" skipped="0">
  <testcase classname="testcase.ViewLead" name="runViewLead" time="15.999"/>
  <system-out/>
</testsuite> <!-- testcase.ViewLead -->
