<?xml version="1.0" encoding="UTF-8"?>
<!-- Generated by org.testng.reporters.JUnitReportReporter -->
<testsuite hostname="BLRL-D21PW33" failures="0" tests="1" name="testcase.VieweadNegative" time="7.895" errors="0" timestamp="2021-10-31T17:29:22 IST" skipped="0">
  <testcase classname="testcase.VieweadNegative" name="runViewLead" time="7.895"/>
  <system-out/>
</testsuite> <!-- testcase.VieweadNegative -->
